{"C:\\Users\\Andrey\\Desktop\\innowise\\react\\react-base\\src\\components\\Button\\Button.tsx": {"path":"C:\\Users\\Andrey\\Desktop\\innowise\\react\\react-base\\src\\components\\Button\\Button.tsx","statementMap":{"0":{"start":{"line":2,"column":0},"end":{"line":2,"column":43}},"1":{"start":{"line":12,"column":38},"end":{"line":34,"column":1}},"2":{"start":{"line":13,"column":2},"end":{"line":13,"column":9}},"3":{"start":{"line":13,"column":9},"end":{"line":13,"column":null}},"4":{"start":{"line":14,"column":2},"end":{"line":14,"column":10}},"5":{"start":{"line":14,"column":10},"end":{"line":14,"column":null}},"6":{"start":{"line":15,"column":9},"end":{"line":15,"column":null}},"7":{"start":{"line":16,"column":2},"end":{"line":16,"column":6}},"8":{"start":{"line":16,"column":6},"end":{"line":16,"column":null}},"9":{"start":{"line":17,"column":10},"end":{"line":17,"column":null}},"10":{"start":{"line":19,"column":22},"end":{"line":23,"column":3}},"11":{"start":{"line":20,"column":4},"end":{"line":22,"column":5}},"12":{"start":{"line":21,"column":6},"end":{"line":21,"column":16}},"13":{"start":{"line":25,"column":2},"end":{"line":33,"column":4}},"14":{"start":{"line":36,"column":0},"end":{"line":36,"column":22}}},"fnMap":{"0":{"name":"(anonymous_1)","decl":{"start":{"line":12,"column":38},"end":{"line":12,"column":39}},"loc":{"start":{"line":18,"column":1},"end":{"line":34,"column":1}}},"1":{"name":"(anonymous_2)","decl":{"start":{"line":19,"column":22},"end":{"line":19,"column":null}},"loc":{"start":{"line":19,"column":22},"end":{"line":23,"column":3}}}},"branchMap":{"0":{"loc":{"start":{"line":13,"column":9},"end":{"line":13,"column":null}},"type":"cond-expr","locations":[{"start":{"line":13,"column":12},"end":{"line":13,"column":23}},{"start":{"line":13,"column":23},"end":{"line":13,"column":null}}]},"1":{"loc":{"start":{"line":14,"column":10},"end":{"line":14,"column":null}},"type":"cond-expr","locations":[{"start":{"line":14,"column":13},"end":{"line":14,"column":18}},{"start":{"line":14,"column":18},"end":{"line":14,"column":null}}]},"2":{"loc":{"start":{"line":16,"column":6},"end":{"line":16,"column":null}},"type":"cond-expr","locations":[{"start":{"line":16,"column":9},"end":{"line":16,"column":17}},{"start":{"line":16,"column":17},"end":{"line":16,"column":null}}]},"3":{"loc":{"start":{"line":20,"column":4},"end":{"line":22,"column":5}},"type":"if","locations":[{"start":{"line":20,"column":4},"end":{"line":22,"column":5}}]},"4":{"loc":{"start":{"line":20,"column":8},"end":{"line":20,"column":28}},"type":"binary-expr","locations":[{"start":{"line":20,"column":8},"end":{"line":20,"column":15}},{"start":{"line":20,"column":19},"end":{"line":20,"column":28}}]},"5":{"loc":{"start":{"line":29,"column":75},"end":{"line":29,"column":107}},"type":"cond-expr","locations":[{"start":{"line":29,"column":86},"end":{"line":29,"column":102}},{"start":{"line":29,"column":105},"end":{"line":29,"column":107}}]}},"s":{"0":1,"1":1,"2":4,"3":4,"4":4,"5":4,"6":4,"7":4,"8":4,"9":4,"10":4,"11":1,"12":1,"13":4,"14":1},"f":{"0":4,"1":1},"b":{"0":[3,1],"1":[2,2],"2":[3,1],"3":[1],"4":[1,1],"5":[2,2]}}
,"C:\\Users\\Andrey\\Desktop\\innowise\\react\\react-base\\src\\components\\Checkbox\\Checkbox.tsx": {"path":"C:\\Users\\Andrey\\Desktop\\innowise\\react\\react-base\\src\\components\\Checkbox\\Checkbox.tsx","statementMap":{"0":{"start":{"line":2,"column":0},"end":{"line":2,"column":44}},"1":{"start":{"line":11,"column":42},"end":{"line":34,"column":1}},"2":{"start":{"line":12,"column":9},"end":{"line":12,"column":null}},"3":{"start":{"line":13,"column":10},"end":{"line":13,"column":null}},"4":{"start":{"line":14,"column":2},"end":{"line":14,"column":10}},"5":{"start":{"line":14,"column":10},"end":{"line":14,"column":null}},"6":{"start":{"line":15,"column":7},"end":{"line":15,"column":null}},"7":{"start":{"line":17,"column":23},"end":{"line":21,"column":3}},"8":{"start":{"line":18,"column":4},"end":{"line":20,"column":5}},"9":{"start":{"line":19,"column":6},"end":{"line":19,"column":25}},"10":{"start":{"line":23,"column":2},"end":{"line":33,"column":4}},"11":{"start":{"line":36,"column":0},"end":{"line":36,"column":24}}},"fnMap":{"0":{"name":"(anonymous_1)","decl":{"start":{"line":11,"column":42},"end":{"line":11,"column":43}},"loc":{"start":{"line":16,"column":1},"end":{"line":34,"column":1}}},"1":{"name":"(anonymous_2)","decl":{"start":{"line":17,"column":23},"end":{"line":17,"column":null}},"loc":{"start":{"line":17,"column":23},"end":{"line":21,"column":3}}}},"branchMap":{"0":{"loc":{"start":{"line":14,"column":10},"end":{"line":14,"column":null}},"type":"cond-expr","locations":[{"start":{"line":14,"column":13},"end":{"line":14,"column":18}},{"start":{"line":14,"column":18},"end":{"line":14,"column":null}}]},"1":{"loc":{"start":{"line":18,"column":4},"end":{"line":20,"column":5}},"type":"if","locations":[{"start":{"line":18,"column":4},"end":{"line":20,"column":5}}]},"2":{"loc":{"start":{"line":24,"column":44},"end":{"line":24,"column":75}},"type":"cond-expr","locations":[{"start":{"line":24,"column":55},"end":{"line":24,"column":70}},{"start":{"line":24,"column":73},"end":{"line":24,"column":75}}]},"3":{"loc":{"start":{"line":31,"column":7},"end":{"line":31,"column":61}},"type":"binary-expr","locations":[{"start":{"line":31,"column":7},"end":{"line":31,"column":12}},{"start":{"line":31,"column":16},"end":{"line":31,"column":61}}]}},"s":{"0":1,"1":1,"2":3,"3":3,"4":3,"5":3,"6":3,"7":3,"8":2,"9":1,"10":3,"11":1},"f":{"0":3,"1":2},"b":{"0":[2,1],"1":[1],"2":[1,2],"3":[3,3]}}
,"C:\\Users\\Andrey\\Desktop\\innowise\\react\\react-base\\src\\components\\Modal\\Modal.tsx": {"path":"C:\\Users\\Andrey\\Desktop\\innowise\\react\\react-base\\src\\components\\Modal\\Modal.tsx","statementMap":{"0":{"start":{"line":2,"column":0},"end":{"line":2,"column":41}},"1":{"start":{"line":3,"column":0},"end":{"line":3,"column":41}},"2":{"start":{"line":11,"column":36},"end":{"line":30,"column":1}},"3":{"start":{"line":11,"column":47},"end":{"line":11,"column":49}},"4":{"start":{"line":11,"column":56},"end":{"line":11,"column":58}},"5":{"start":{"line":11,"column":62},"end":{"line":11,"column":64}},"6":{"start":{"line":12,"column":21},"end":{"line":16,"column":3}},"7":{"start":{"line":13,"column":4},"end":{"line":15,"column":5}},"8":{"start":{"line":14,"column":6},"end":{"line":14,"column":37}},"9":{"start":{"line":14,"column":23},"end":{"line":14,"column":34}},"10":{"start":{"line":18,"column":2},"end":{"line":29,"column":4}},"11":{"start":{"line":32,"column":0},"end":{"line":32,"column":21}}},"fnMap":{"0":{"name":"(anonymous_1)","decl":{"start":{"line":11,"column":36},"end":{"line":11,"column":37}},"loc":{"start":{"line":11,"column":64},"end":{"line":30,"column":1}}},"1":{"name":"(anonymous_2)","decl":{"start":{"line":12,"column":21},"end":{"line":12,"column":null}},"loc":{"start":{"line":12,"column":21},"end":{"line":16,"column":3}}},"2":{"name":"(anonymous_3)","decl":{"start":{"line":14,"column":17},"end":{"line":14,"column":23}},"loc":{"start":{"line":14,"column":17},"end":{"line":14,"column":30}}}},"branchMap":{"0":{"loc":{"start":{"line":13,"column":4},"end":{"line":15,"column":5}},"type":"if","locations":[{"start":{"line":13,"column":4},"end":{"line":15,"column":5}}]},"1":{"loc":{"start":{"line":20,"column":7},"end":{"line":26,"column":null}},"type":"binary-expr","locations":[{"start":{"line":20,"column":7},"end":{"line":20,"column":11}},{"start":{"line":21,"column":8},"end":{"line":26,"column":null}}]}},"s":{"0":1,"1":1,"2":1,"3":5,"4":5,"5":5,"6":5,"7":2,"8":1,"9":1,"10":5,"11":1},"f":{"0":5,"1":2,"2":1},"b":{"0":[1],"1":[5,4]}}
,"C:\\Users\\Andrey\\Desktop\\innowise\\react\\react-base\\src\\components\\Select\\Select.tsx": {"path":"C:\\Users\\Andrey\\Desktop\\innowise\\react\\react-base\\src\\components\\Select\\Select.tsx","statementMap":{"0":{"start":{"line":1,"column":0},"end":{"line":1,"column":59}},"1":{"start":{"line":2,"column":0},"end":{"line":2,"column":33}},"2":{"start":{"line":3,"column":0},"end":{"line":3,"column":74}},"3":{"start":{"line":4,"column":0},"end":{"line":4,"column":70}},"4":{"start":{"line":5,"column":0},"end":{"line":5,"column":47}},"5":{"start":{"line":6,"column":0},"end":{"line":6,"column":42}},"6":{"start":{"line":19,"column":38},"end":{"line":100,"column":1}},"7":{"start":{"line":19,"column":48},"end":{"line":19,"column":50}},"8":{"start":{"line":19,"column":58},"end":{"line":19,"column":60}},"9":{"start":{"line":20,"column":30},"end":{"line":20,"column":45}},"10":{"start":{"line":20,"column":15},"end":{"line":20,"column":17}},"11":{"start":{"line":20,"column":26},"end":{"line":20,"column":30}},"12":{"start":{"line":21,"column":46},"end":{"line":21,"column":71}},"13":{"start":{"line":21,"column":23},"end":{"line":21,"column":25}},"14":{"start":{"line":21,"column":42},"end":{"line":21,"column":46}},"15":{"start":{"line":22,"column":34},"end":{"line":22,"column":73}},"16":{"start":{"line":22,"column":17},"end":{"line":22,"column":19}},"17":{"start":{"line":22,"column":30},"end":{"line":22,"column":34}},"18":{"start":{"line":23,"column":25},"end":{"line":23,"column":40}},"19":{"start":{"line":23,"column":31},"end":{"line":23,"column":50}},"20":{"start":{"line":24,"column":22},"end":{"line":24,"column":50}},"21":{"start":{"line":25,"column":23},"end":{"line":25,"column":51}},"22":{"start":{"line":27,"column":2},"end":{"line":51,"column":15}},"23":{"start":{"line":28,"column":26},"end":{"line":28,"column":71}},"24":{"start":{"line":29,"column":4},"end":{"line":35,"column":5}},"25":{"start":{"line":30,"column":6},"end":{"line":34,"column":9}},"26":{"start":{"line":37,"column":31},"end":{"line":44,"column":5}},"27":{"start":{"line":38,"column":6},"end":{"line":43,"column":7}},"28":{"start":{"line":42,"column":8},"end":{"line":42,"column":25}},"29":{"start":{"line":46,"column":4},"end":{"line":46,"column":59}},"30":{"start":{"line":48,"column":4},"end":{"line":50,"column":6}},"31":{"start":{"line":49,"column":6},"end":{"line":49,"column":64}},"32":{"start":{"line":52,"column":2},"end":{"line":57,"column":16}},"33":{"start":{"line":53,"column":36},"end":{"line":53,"column":77}},"34":{"start":{"line":53,"column":61},"end":{"line":53,"column":77}},"35":{"start":{"line":54,"column":4},"end":{"line":56,"column":5}},"36":{"start":{"line":55,"column":6},"end":{"line":55,"column":49}},"37":{"start":{"line":59,"column":29},"end":{"line":62,"column":3}},"38":{"start":{"line":60,"column":4},"end":{"line":60,"column":30}},"39":{"start":{"line":61,"column":4},"end":{"line":61,"column":21}},"40":{"start":{"line":64,"column":2},"end":{"line":99,"column":4}},"41":{"start":{"line":86,"column":37},"end":{"line":94,"column":14}},"42":{"start":{"line":89,"column":31},"end":{"line":89,"column":null}},"43":{"start":{"line":102,"column":0},"end":{"line":102,"column":22}}},"fnMap":{"0":{"name":"(anonymous_1)","decl":{"start":{"line":19,"column":38},"end":{"line":19,"column":39}},"loc":{"start":{"line":19,"column":60},"end":{"line":100,"column":1}}},"1":{"name":"(anonymous_2)","decl":{"start":{"line":23,"column":25},"end":{"line":23,"column":31}},"loc":{"start":{"line":23,"column":25},"end":{"line":23,"column":40}}},"2":{"name":"(anonymous_3)","decl":{"start":{"line":27,"column":12},"end":{"line":27,"column":null}},"loc":{"start":{"line":27,"column":12},"end":{"line":51,"column":3}}},"3":{"name":"(anonymous_4)","decl":{"start":{"line":37,"column":31},"end":{"line":37,"column":32}},"loc":{"start":{"line":37,"column":49},"end":{"line":44,"column":5}}},"4":{"name":"(anonymous_5)","decl":{"start":{"line":48,"column":11},"end":{"line":48,"column":null}},"loc":{"start":{"line":48,"column":11},"end":{"line":50,"column":5}}},"5":{"name":"(anonymous_6)","decl":{"start":{"line":52,"column":12},"end":{"line":52,"column":null}},"loc":{"start":{"line":52,"column":12},"end":{"line":57,"column":3}}},"6":{"name":"(anonymous_7)","decl":{"start":{"line":53,"column":49},"end":{"line":53,"column":50}},"loc":{"start":{"line":53,"column":56},"end":{"line":53,"column":67}}},"7":{"name":"(anonymous_8)","decl":{"start":{"line":59,"column":29},"end":{"line":59,"column":30}},"loc":{"start":{"line":59,"column":44},"end":{"line":62,"column":3}}},"8":{"name":"(anonymous_9)","decl":{"start":{"line":86,"column":25},"end":{"line":86,"column":26}},"loc":{"start":{"line":86,"column":32},"end":{"line":86,"column":null}}},"9":{"name":"(anonymous_10)","decl":{"start":{"line":89,"column":25},"end":{"line":89,"column":31}},"loc":{"start":{"line":89,"column":25},"end":{"line":89,"column":49}}}},"branchMap":{"0":{"loc":{"start":{"line":28,"column":26},"end":{"line":28,"column":71}},"type":"cond-expr","locations":[{"start":{"line":28,"column":46},"end":{"line":28,"column":48}},{"start":{"line":28,"column":46},"end":{"line":28,"column":71}}]},"1":{"loc":{"start":{"line":28,"column":26},"end":{"line":28,"column":48}},"type":"binary-expr","locations":[{"start":{"line":28,"column":26},"end":{"line":28,"column":48}},{"start":{"line":28,"column":46},"end":{"line":28,"column":48}}]},"2":{"loc":{"start":{"line":29,"column":4},"end":{"line":35,"column":5}},"type":"if","locations":[{"start":{"line":29,"column":4},"end":{"line":35,"column":5}}]},"3":{"loc":{"start":{"line":38,"column":6},"end":{"line":43,"column":7}},"type":"if","locations":[{"start":{"line":38,"column":6},"end":{"line":43,"column":7}}]},"4":{"loc":{"start":{"line":39,"column":8},"end":{"line":40,"column":59}},"type":"binary-expr","locations":[{"start":{"line":39,"column":8},"end":{"line":39,"column":27}},{"start":{"line":40,"column":8},"end":{"line":40,"column":59}}]},"5":{"loc":{"start":{"line":54,"column":4},"end":{"line":56,"column":5}},"type":"if","locations":[{"start":{"line":54,"column":4},"end":{"line":56,"column":5}}]},"6":{"loc":{"start":{"line":68,"column":16},"end":{"line":68,"column":68}},"type":"cond-expr","locations":[{"start":{"line":68,"column":25},"end":{"line":68,"column":44}},{"start":{"line":68,"column":47},"end":{"line":68,"column":68}}]},"7":{"loc":{"start":{"line":69,"column":17},"end":{"line":69,"column":59}},"type":"cond-expr","locations":[{"start":{"line":69,"column":34},"end":{"line":69,"column":54}},{"start":{"line":69,"column":57},"end":{"line":69,"column":59}}]},"8":{"loc":{"start":{"line":75,"column":7},"end":{"line":96,"column":null}},"type":"binary-expr","locations":[{"start":{"line":75,"column":7},"end":{"line":75,"column":13}},{"start":{"line":76,"column":8},"end":{"line":96,"column":null}}]}},"s":{"0":1,"1":1,"2":1,"3":1,"4":1,"5":1,"6":1,"7":30,"8":30,"9":30,"10":30,"11":30,"12":30,"13":30,"14":30,"15":30,"16":30,"17":30,"18":30,"19":7,"20":30,"21":30,"22":30,"23":15,"24":15,"25":15,"26":15,"27":8,"28":1,"29":15,"30":15,"31":15,"32":30,"33":7,"34":20,"35":7,"36":1,"37":30,"38":2,"39":2,"40":30,"41":30,"42":2,"43":1},"f":{"0":30,"1":7,"2":15,"3":8,"4":15,"5":7,"6":20,"7":2,"8":30,"9":2},"b":{"0":[0,15],"1":[15,15],"2":[15],"3":[1],"4":[8,3],"5":[1],"6":[10,20],"7":[5,25],"8":[30,10]}}
,"C:\\Users\\Andrey\\Desktop\\innowise\\react\\react-base\\src\\components\\Switch\\Switch.tsx": {"path":"C:\\Users\\Andrey\\Desktop\\innowise\\react\\react-base\\src\\components\\Switch\\Switch.tsx","statementMap":{"0":{"start":{"line":2,"column":0},"end":{"line":2,"column":42}},"1":{"start":{"line":10,"column":38},"end":{"line":36,"column":1}},"2":{"start":{"line":11,"column":9},"end":{"line":11,"column":null}},"3":{"start":{"line":12,"column":10},"end":{"line":12,"column":null}},"4":{"start":{"line":13,"column":2},"end":{"line":13,"column":10}},"5":{"start":{"line":13,"column":10},"end":{"line":13,"column":null}},"6":{"start":{"line":15,"column":29},"end":{"line":19,"column":3}},"7":{"start":{"line":16,"column":4},"end":{"line":18,"column":5}},"8":{"start":{"line":17,"column":6},"end":{"line":17,"column":25}},"9":{"start":{"line":21,"column":2},"end":{"line":35,"column":4}},"10":{"start":{"line":38,"column":0},"end":{"line":38,"column":22}}},"fnMap":{"0":{"name":"(anonymous_1)","decl":{"start":{"line":10,"column":38},"end":{"line":10,"column":39}},"loc":{"start":{"line":14,"column":1},"end":{"line":36,"column":1}}},"1":{"name":"(anonymous_2)","decl":{"start":{"line":15,"column":29},"end":{"line":15,"column":null}},"loc":{"start":{"line":15,"column":29},"end":{"line":19,"column":3}}}},"branchMap":{"0":{"loc":{"start":{"line":13,"column":10},"end":{"line":13,"column":null}},"type":"cond-expr","locations":[{"start":{"line":13,"column":13},"end":{"line":13,"column":18}},{"start":{"line":13,"column":18},"end":{"line":13,"column":null}}]},"1":{"loc":{"start":{"line":16,"column":4},"end":{"line":18,"column":5}},"type":"if","locations":[{"start":{"line":16,"column":4},"end":{"line":18,"column":5}}]},"2":{"loc":{"start":{"line":23,"column":37},"end":{"line":23,"column":66}},"type":"cond-expr","locations":[{"start":{"line":23,"column":47},"end":{"line":23,"column":61}},{"start":{"line":23,"column":64},"end":{"line":23,"column":66}}]},"3":{"loc":{"start":{"line":23,"column":70},"end":{"line":23,"column":101}},"type":"cond-expr","locations":[{"start":{"line":23,"column":81},"end":{"line":23,"column":96}},{"start":{"line":23,"column":99},"end":{"line":23,"column":101}}]},"4":{"loc":{"start":{"line":32,"column":39},"end":{"line":32,"column":70}},"type":"cond-expr","locations":[{"start":{"line":32,"column":50},"end":{"line":32,"column":65}},{"start":{"line":32,"column":68},"end":{"line":32,"column":70}}]}},"s":{"0":1,"1":1,"2":4,"3":4,"4":4,"5":4,"6":4,"7":1,"8":1,"9":4,"10":1},"f":{"0":4,"1":1},"b":{"0":[3,1],"1":[1],"2":[1,3],"3":[1,3],"4":[1,3]}}
,"C:\\Users\\Andrey\\Desktop\\innowise\\react\\react-base\\src\\components\\TextField\\TextField.tsx": {"path":"C:\\Users\\Andrey\\Desktop\\innowise\\react\\react-base\\src\\components\\TextField\\TextField.tsx","statementMap":{"0":{"start":{"line":1,"column":0},"end":{"line":1,"column":51}},"1":{"start":{"line":3,"column":0},"end":{"line":3,"column":45}},"2":{"start":{"line":16,"column":44},"end":{"line":64,"column":1}},"3":{"start":{"line":17,"column":2},"end":{"line":17,"column":9}},"4":{"start":{"line":17,"column":9},"end":{"line":17,"column":null}},"5":{"start":{"line":18,"column":7},"end":{"line":18,"column":null}},"6":{"start":{"line":19,"column":7},"end":{"line":19,"column":null}},"7":{"start":{"line":20,"column":10},"end":{"line":20,"column":null}},"8":{"start":{"line":21,"column":12},"end":{"line":21,"column":null}},"9":{"start":{"line":22,"column":10},"end":{"line":22,"column":null}},"10":{"start":{"line":23,"column":9},"end":{"line":23,"column":null}},"11":{"start":{"line":24,"column":7},"end":{"line":24,"column":null}},"12":{"start":{"line":26,"column":38},"end":{"line":26,"column":67}},"13":{"start":{"line":26,"column":19},"end":{"line":26,"column":21}},"14":{"start":{"line":26,"column":34},"end":{"line":26,"column":38}},"15":{"start":{"line":27,"column":18},"end":{"line":27,"column":25}},"16":{"start":{"line":29,"column":2},"end":{"line":31,"column":14}},"17":{"start":{"line":30,"column":4},"end":{"line":30,"column":31}},"18":{"start":{"line":33,"column":28},"end":{"line":35,"column":3}},"19":{"start":{"line":34,"column":4},"end":{"line":34,"column":38}},"20":{"start":{"line":37,"column":2},"end":{"line":63,"column":4}},"21":{"start":{"line":66,"column":0},"end":{"line":66,"column":25}}},"fnMap":{"0":{"name":"(anonymous_1)","decl":{"start":{"line":16,"column":44},"end":{"line":16,"column":45}},"loc":{"start":{"line":25,"column":1},"end":{"line":64,"column":1}}},"1":{"name":"(anonymous_2)","decl":{"start":{"line":29,"column":12},"end":{"line":29,"column":null}},"loc":{"start":{"line":29,"column":12},"end":{"line":31,"column":3}}},"2":{"name":"(anonymous_3)","decl":{"start":{"line":33,"column":28},"end":{"line":33,"column":29}},"loc":{"start":{"line":33,"column":71},"end":{"line":35,"column":3}}}},"branchMap":{"0":{"loc":{"start":{"line":17,"column":9},"end":{"line":17,"column":null}},"type":"cond-expr","locations":[{"start":{"line":17,"column":12},"end":{"line":17,"column":22}},{"start":{"line":17,"column":22},"end":{"line":17,"column":null}}]},"1":{"loc":{"start":{"line":26,"column":55},"end":{"line":26,"column":66}},"type":"cond-expr","locations":[{"start":{"line":26,"column":55},"end":{"line":26,"column":60}},{"start":{"line":26,"column":64},"end":{"line":26,"column":66}}]},"2":{"loc":{"start":{"line":26,"column":55},"end":{"line":26,"column":64}},"type":"binary-expr","locations":[{"start":{"line":26,"column":55},"end":{"line":26,"column":64}},{"start":{"line":26,"column":55},"end":{"line":26,"column":64}}]},"3":{"loc":{"start":{"line":30,"column":18},"end":{"line":30,"column":29}},"type":"cond-expr","locations":[{"start":{"line":30,"column":18},"end":{"line":30,"column":23}},{"start":{"line":30,"column":27},"end":{"line":30,"column":29}}]},"4":{"loc":{"start":{"line":30,"column":18},"end":{"line":30,"column":27}},"type":"binary-expr","locations":[{"start":{"line":30,"column":18},"end":{"line":30,"column":27}},{"start":{"line":30,"column":18},"end":{"line":30,"column":27}}]},"5":{"loc":{"start":{"line":39,"column":40},"end":{"line":39,"column":67}},"type":"cond-expr","locations":[{"start":{"line":39,"column":50},"end":{"line":39,"column":62}},{"start":{"line":39,"column":65},"end":{"line":39,"column":67}}]},"6":{"loc":{"start":{"line":39,"column":71},"end":{"line":39,"column":102}},"type":"cond-expr","locations":[{"start":{"line":39,"column":82},"end":{"line":39,"column":97}},{"start":{"line":39,"column":100},"end":{"line":39,"column":102}}]},"7":{"loc":{"start":{"line":43,"column":38},"end":{"line":43,"column":65}},"type":"cond-expr","locations":[{"start":{"line":43,"column":48},"end":{"line":43,"column":60}},{"start":{"line":43,"column":63},"end":{"line":43,"column":65}}]},"8":{"loc":{"start":{"line":43,"column":69},"end":{"line":43,"column":100}},"type":"cond-expr","locations":[{"start":{"line":43,"column":80},"end":{"line":43,"column":95}},{"start":{"line":43,"column":98},"end":{"line":43,"column":100}}]},"9":{"loc":{"start":{"line":53,"column":7},"end":{"line":56,"column":null}},"type":"binary-expr","locations":[{"start":{"line":53,"column":7},"end":{"line":53,"column":12}},{"start":{"line":54,"column":8},"end":{"line":55,"column":null}}]},"10":{"loc":{"start":{"line":54,"column":45},"end":{"line":54,"column":72}},"type":"cond-expr","locations":[{"start":{"line":54,"column":55},"end":{"line":54,"column":67}},{"start":{"line":54,"column":70},"end":{"line":54,"column":72}}]},"11":{"loc":{"start":{"line":58,"column":7},"end":{"line":59,"column":null}},"type":"binary-expr","locations":[{"start":{"line":58,"column":7},"end":{"line":58,"column":11}},{"start":{"line":59,"column":8},"end":{"line":59,"column":76}}]},"12":{"loc":{"start":{"line":59,"column":43},"end":{"line":59,"column":70}},"type":"cond-expr","locations":[{"start":{"line":59,"column":53},"end":{"line":59,"column":65}},{"start":{"line":59,"column":68},"end":{"line":59,"column":70}}]},"13":{"loc":{"start":{"line":61,"column":7},"end":{"line":61,"column":63}},"type":"binary-expr","locations":[{"start":{"line":61,"column":7},"end":{"line":61,"column":14}},{"start":{"line":61,"column":18},"end":{"line":61,"column":63}}]}},"s":{"0":2,"1":2,"2":2,"3":41,"4":41,"5":41,"6":41,"7":41,"8":41,"9":41,"10":41,"11":41,"12":41,"13":41,"14":41,"15":41,"16":41,"17":18,"18":41,"19":1,"20":41,"21":2},"f":{"0":41,"1":18,"2":1},"b":{"0":[40,1],"1":[31,10],"2":[41,41],"3":[10,8],"4":[18,18],"5":[2,39],"6":[1,40],"7":[2,39],"8":[1,40],"9":[41,33],"10":[1,32],"11":[41,31],"12":[0,31],"13":[41,2]}}
}
