{"C:\\Users\\Andrey\\Desktop\\innowise\\react\\react-base\\src\\components\\Button\\Button.tsx": {"path":"C:\\Users\\Andrey\\Desktop\\innowise\\react\\react-base\\src\\components\\Button\\Button.tsx","statementMap":{"0":{"start":{"line":2,"column":0},"end":{"line":2,"column":43}},"1":{"start":{"line":12,"column":38},"end":{"line":34,"column":1}},"2":{"start":{"line":13,"column":2},"end":{"line":13,"column":9}},"3":{"start":{"line":13,"column":9},"end":{"line":13,"column":null}},"4":{"start":{"line":14,"column":2},"end":{"line":14,"column":10}},"5":{"start":{"line":14,"column":10},"end":{"line":14,"column":null}},"6":{"start":{"line":15,"column":9},"end":{"line":15,"column":null}},"7":{"start":{"line":16,"column":2},"end":{"line":16,"column":6}},"8":{"start":{"line":16,"column":6},"end":{"line":16,"column":null}},"9":{"start":{"line":17,"column":10},"end":{"line":17,"column":null}},"10":{"start":{"line":19,"column":22},"end":{"line":23,"column":3}},"11":{"start":{"line":20,"column":4},"end":{"line":22,"column":5}},"12":{"start":{"line":21,"column":6},"end":{"line":21,"column":16}},"13":{"start":{"line":25,"column":2},"end":{"line":33,"column":4}},"14":{"start":{"line":36,"column":0},"end":{"line":36,"column":22}}},"fnMap":{"0":{"name":"(anonymous_1)","decl":{"start":{"line":12,"column":38},"end":{"line":12,"column":39}},"loc":{"start":{"line":18,"column":1},"end":{"line":34,"column":1}}},"1":{"name":"(anonymous_2)","decl":{"start":{"line":19,"column":22},"end":{"line":19,"column":null}},"loc":{"start":{"line":19,"column":22},"end":{"line":23,"column":3}}}},"branchMap":{"0":{"loc":{"start":{"line":13,"column":9},"end":{"line":13,"column":null}},"type":"cond-expr","locations":[{"start":{"line":13,"column":12},"end":{"line":13,"column":23}},{"start":{"line":13,"column":23},"end":{"line":13,"column":null}}]},"1":{"loc":{"start":{"line":14,"column":10},"end":{"line":14,"column":null}},"type":"cond-expr","locations":[{"start":{"line":14,"column":13},"end":{"line":14,"column":18}},{"start":{"line":14,"column":18},"end":{"line":14,"column":null}}]},"2":{"loc":{"start":{"line":16,"column":6},"end":{"line":16,"column":null}},"type":"cond-expr","locations":[{"start":{"line":16,"column":9},"end":{"line":16,"column":17}},{"start":{"line":16,"column":17},"end":{"line":16,"column":null}}]},"3":{"loc":{"start":{"line":20,"column":4},"end":{"line":22,"column":5}},"type":"if","locations":[{"start":{"line":20,"column":4},"end":{"line":22,"column":5}}]},"4":{"loc":{"start":{"line":20,"column":8},"end":{"line":20,"column":28}},"type":"binary-expr","locations":[{"start":{"line":20,"column":8},"end":{"line":20,"column":15}},{"start":{"line":20,"column":19},"end":{"line":20,"column":28}}]},"5":{"loc":{"start":{"line":29,"column":75},"end":{"line":29,"column":107}},"type":"cond-expr","locations":[{"start":{"line":29,"column":86},"end":{"line":29,"column":102}},{"start":{"line":29,"column":105},"end":{"line":29,"column":107}}]}},"s":{"0":1,"1":1,"2":4,"3":4,"4":4,"5":4,"6":4,"7":4,"8":4,"9":4,"10":4,"11":1,"12":1,"13":4,"14":1},"f":{"0":4,"1":1},"b":{"0":[3,1],"1":[2,2],"2":[3,1],"3":[1],"4":[1,1],"5":[2,2]}}
,"C:\\Users\\Andrey\\Desktop\\innowise\\react\\react-base\\src\\components\\Checkbox\\Checkbox.tsx": {"path":"C:\\Users\\Andrey\\Desktop\\innowise\\react\\react-base\\src\\components\\Checkbox\\Checkbox.tsx","statementMap":{"0":{"start":{"line":2,"column":0},"end":{"line":2,"column":44}},"1":{"start":{"line":11,"column":42},"end":{"line":34,"column":1}},"2":{"start":{"line":12,"column":9},"end":{"line":12,"column":null}},"3":{"start":{"line":13,"column":10},"end":{"line":13,"column":null}},"4":{"start":{"line":14,"column":2},"end":{"line":14,"column":10}},"5":{"start":{"line":14,"column":10},"end":{"line":14,"column":null}},"6":{"start":{"line":15,"column":7},"end":{"line":15,"column":null}},"7":{"start":{"line":17,"column":23},"end":{"line":21,"column":3}},"8":{"start":{"line":18,"column":4},"end":{"line":20,"column":5}},"9":{"start":{"line":19,"column":6},"end":{"line":19,"column":25}},"10":{"start":{"line":23,"column":2},"end":{"line":33,"column":4}},"11":{"start":{"line":36,"column":0},"end":{"line":36,"column":24}}},"fnMap":{"0":{"name":"(anonymous_1)","decl":{"start":{"line":11,"column":42},"end":{"line":11,"column":43}},"loc":{"start":{"line":16,"column":1},"end":{"line":34,"column":1}}},"1":{"name":"(anonymous_2)","decl":{"start":{"line":17,"column":23},"end":{"line":17,"column":null}},"loc":{"start":{"line":17,"column":23},"end":{"line":21,"column":3}}}},"branchMap":{"0":{"loc":{"start":{"line":14,"column":10},"end":{"line":14,"column":null}},"type":"cond-expr","locations":[{"start":{"line":14,"column":13},"end":{"line":14,"column":18}},{"start":{"line":14,"column":18},"end":{"line":14,"column":null}}]},"1":{"loc":{"start":{"line":18,"column":4},"end":{"line":20,"column":5}},"type":"if","locations":[{"start":{"line":18,"column":4},"end":{"line":20,"column":5}}]},"2":{"loc":{"start":{"line":24,"column":44},"end":{"line":24,"column":75}},"type":"cond-expr","locations":[{"start":{"line":24,"column":55},"end":{"line":24,"column":70}},{"start":{"line":24,"column":73},"end":{"line":24,"column":75}}]},"3":{"loc":{"start":{"line":31,"column":7},"end":{"line":31,"column":61}},"type":"binary-expr","locations":[{"start":{"line":31,"column":7},"end":{"line":31,"column":12}},{"start":{"line":31,"column":16},"end":{"line":31,"column":61}}]}},"s":{"0":1,"1":1,"2":3,"3":3,"4":3,"5":3,"6":3,"7":3,"8":2,"9":1,"10":3,"11":1},"f":{"0":3,"1":2},"b":{"0":[2,1],"1":[1],"2":[1,2],"3":[3,3]}}
,"C:\\Users\\Andrey\\Desktop\\innowise\\react\\react-base\\src\\components\\Modal\\Modal.tsx": {"path":"C:\\Users\\Andrey\\Desktop\\innowise\\react\\react-base\\src\\components\\Modal\\Modal.tsx","statementMap":{"0":{"start":{"line":2,"column":0},"end":{"line":2,"column":41}},"1":{"start":{"line":3,"column":0},"end":{"line":3,"column":41}},"2":{"start":{"line":11,"column":36},"end":{"line":30,"column":1}},"3":{"start":{"line":11,"column":47},"end":{"line":11,"column":49}},"4":{"start":{"line":11,"column":56},"end":{"line":11,"column":58}},"5":{"start":{"line":11,"column":62},"end":{"line":11,"column":64}},"6":{"start":{"line":12,"column":21},"end":{"line":16,"column":3}},"7":{"start":{"line":13,"column":4},"end":{"line":15,"column":5}},"8":{"start":{"line":14,"column":6},"end":{"line":14,"column":37}},"9":{"start":{"line":14,"column":23},"end":{"line":14,"column":34}},"10":{"start":{"line":18,"column":2},"end":{"line":29,"column":4}},"11":{"start":{"line":32,"column":0},"end":{"line":32,"column":21}}},"fnMap":{"0":{"name":"(anonymous_1)","decl":{"start":{"line":11,"column":36},"end":{"line":11,"column":37}},"loc":{"start":{"line":11,"column":64},"end":{"line":30,"column":1}}},"1":{"name":"(anonymous_2)","decl":{"start":{"line":12,"column":21},"end":{"line":12,"column":null}},"loc":{"start":{"line":12,"column":21},"end":{"line":16,"column":3}}},"2":{"name":"(anonymous_3)","decl":{"start":{"line":14,"column":17},"end":{"line":14,"column":23}},"loc":{"start":{"line":14,"column":17},"end":{"line":14,"column":30}}}},"branchMap":{"0":{"loc":{"start":{"line":13,"column":4},"end":{"line":15,"column":5}},"type":"if","locations":[{"start":{"line":13,"column":4},"end":{"line":15,"column":5}}]},"1":{"loc":{"start":{"line":20,"column":7},"end":{"line":26,"column":null}},"type":"binary-expr","locations":[{"start":{"line":20,"column":7},"end":{"line":20,"column":11}},{"start":{"line":21,"column":8},"end":{"line":26,"column":null}}]}},"s":{"0":1,"1":1,"2":1,"3":3,"4":3,"5":3,"6":3,"7":1,"8":1,"9":0,"10":3,"11":1},"f":{"0":3,"1":1,"2":0},"b":{"0":[1],"1":[3,2]}}
,"C:\\Users\\Andrey\\Desktop\\innowise\\react\\react-base\\src\\components\\Select\\Select.tsx": {"path":"C:\\Users\\Andrey\\Desktop\\innowise\\react\\react-base\\src\\components\\Select\\Select.tsx","statementMap":{"0":{"start":{"line":2,"column":0},"end":{"line":2,"column":75}},"1":{"start":{"line":3,"column":0},"end":{"line":3,"column":41}},"2":{"start":{"line":4,"column":0},"end":{"line":4,"column":42}},"3":{"start":{"line":19,"column":38},"end":{"line":87,"column":1}},"4":{"start":{"line":20,"column":2},"end":{"line":20,"column":9}},"5":{"start":{"line":20,"column":9},"end":{"line":20,"column":null}},"6":{"start":{"line":21,"column":7},"end":{"line":21,"column":null}},"7":{"start":{"line":22,"column":7},"end":{"line":22,"column":null}},"8":{"start":{"line":23,"column":10},"end":{"line":23,"column":null}},"9":{"start":{"line":24,"column":2},"end":{"line":24,"column":6}},"10":{"start":{"line":24,"column":6},"end":{"line":24,"column":null}},"11":{"start":{"line":25,"column":7},"end":{"line":25,"column":null}},"12":{"start":{"line":26,"column":10},"end":{"line":26,"column":null}},"13":{"start":{"line":27,"column":10},"end":{"line":27,"column":null}},"14":{"start":{"line":28,"column":7},"end":{"line":28,"column":null}},"15":{"start":{"line":29,"column":10},"end":{"line":29,"column":null}},"16":{"start":{"line":31,"column":30},"end":{"line":31,"column":45}},"17":{"start":{"line":31,"column":15},"end":{"line":31,"column":17}},"18":{"start":{"line":31,"column":26},"end":{"line":31,"column":30}},"19":{"start":{"line":32,"column":44},"end":{"line":32,"column":65}},"20":{"start":{"line":32,"column":22},"end":{"line":32,"column":24}},"21":{"start":{"line":32,"column":40},"end":{"line":32,"column":44}},"22":{"start":{"line":34,"column":25},"end":{"line":36,"column":3}},"23":{"start":{"line":35,"column":4},"end":{"line":35,"column":23}},"24":{"start":{"line":38,"column":23},"end":{"line":43,"column":3}},"25":{"start":{"line":39,"column":4},"end":{"line":42,"column":5}},"26":{"start":{"line":40,"column":6},"end":{"line":40,"column":33}},"27":{"start":{"line":41,"column":6},"end":{"line":41,"column":25}},"28":{"start":{"line":45,"column":24},"end":{"line":48,"column":3}},"29":{"start":{"line":46,"column":4},"end":{"line":46,"column":21}},"30":{"start":{"line":47,"column":4},"end":{"line":47,"column":25}},"31":{"start":{"line":50,"column":2},"end":{"line":63,"column":9}},"32":{"start":{"line":51,"column":31},"end":{"line":56,"column":5}},"33":{"start":{"line":52,"column":23},"end":{"line":52,"column":65}},"34":{"start":{"line":53,"column":6},"end":{"line":55,"column":7}},"35":{"start":{"line":54,"column":8},"end":{"line":54,"column":24}},"36":{"start":{"line":58,"column":4},"end":{"line":58,"column":57}},"37":{"start":{"line":60,"column":4},"end":{"line":62,"column":6}},"38":{"start":{"line":61,"column":6},"end":{"line":61,"column":62}},"39":{"start":{"line":65,"column":19},"end":{"line":68,"column":null}},"40":{"start":{"line":71,"column":2},"end":{"line":86,"column":4}},"41":{"start":{"line":89,"column":0},"end":{"line":89,"column":22}}},"fnMap":{"0":{"name":"(anonymous_1)","decl":{"start":{"line":19,"column":38},"end":{"line":19,"column":39}},"loc":{"start":{"line":30,"column":1},"end":{"line":87,"column":1}}},"1":{"name":"(anonymous_2)","decl":{"start":{"line":34,"column":25},"end":{"line":34,"column":null}},"loc":{"start":{"line":34,"column":25},"end":{"line":36,"column":3}}},"2":{"name":"(anonymous_3)","decl":{"start":{"line":38,"column":23},"end":{"line":38,"column":24}},"loc":{"start":{"line":38,"column":40},"end":{"line":43,"column":3}}},"3":{"name":"(anonymous_4)","decl":{"start":{"line":45,"column":24},"end":{"line":45,"column":null}},"loc":{"start":{"line":45,"column":24},"end":{"line":48,"column":3}}},"4":{"name":"(anonymous_5)","decl":{"start":{"line":50,"column":12},"end":{"line":50,"column":null}},"loc":{"start":{"line":50,"column":12},"end":{"line":63,"column":3}}},"5":{"name":"(anonymous_6)","decl":{"start":{"line":51,"column":31},"end":{"line":51,"column":32}},"loc":{"start":{"line":51,"column":49},"end":{"line":56,"column":5}}},"6":{"name":"(anonymous_7)","decl":{"start":{"line":60,"column":11},"end":{"line":60,"column":null}},"loc":{"start":{"line":60,"column":11},"end":{"line":62,"column":5}}}},"branchMap":{"0":{"loc":{"start":{"line":20,"column":9},"end":{"line":20,"column":null}},"type":"cond-expr","locations":[{"start":{"line":20,"column":12},"end":{"line":20,"column":22}},{"start":{"line":20,"column":22},"end":{"line":20,"column":null}}]},"1":{"loc":{"start":{"line":24,"column":6},"end":{"line":24,"column":null}},"type":"cond-expr","locations":[{"start":{"line":24,"column":9},"end":{"line":24,"column":17}},{"start":{"line":24,"column":17},"end":{"line":24,"column":null}}]},"2":{"loc":{"start":{"line":32,"column":53},"end":{"line":32,"column":64}},"type":"binary-expr","locations":[{"start":{"line":32,"column":53},"end":{"line":32,"column":58}},{"start":{"line":32,"column":62},"end":{"line":32,"column":64}}]},"3":{"loc":{"start":{"line":39,"column":4},"end":{"line":42,"column":5}},"type":"if","locations":[{"start":{"line":39,"column":4},"end":{"line":42,"column":5}}]},"4":{"loc":{"start":{"line":39,"column":8},"end":{"line":39,"column":29}},"type":"binary-expr","locations":[{"start":{"line":39,"column":8},"end":{"line":39,"column":17}},{"start":{"line":39,"column":21},"end":{"line":39,"column":29}}]},"5":{"loc":{"start":{"line":53,"column":6},"end":{"line":55,"column":7}},"type":"if","locations":[{"start":{"line":53,"column":6},"end":{"line":55,"column":7}}]},"6":{"loc":{"start":{"line":53,"column":10},"end":{"line":53,"column":62}},"type":"binary-expr","locations":[{"start":{"line":53,"column":10},"end":{"line":53,"column":18}},{"start":{"line":53,"column":22},"end":{"line":53,"column":62}}]},"7":{"loc":{"start":{"line":65,"column":19},"end":{"line":68,"column":null}},"type":"binary-expr","locations":[{"start":{"line":65,"column":19},"end":{"line":65,"column":25}},{"start":{"line":66,"column":4},"end":{"line":67,"column":null}}]},"8":{"loc":{"start":{"line":72,"column":40},"end":{"line":72,"column":71}},"type":"cond-expr","locations":[{"start":{"line":72,"column":51},"end":{"line":72,"column":66}},{"start":{"line":72,"column":69},"end":{"line":72,"column":71}}]},"9":{"loc":{"start":{"line":73,"column":7},"end":{"line":73,"column":63}},"type":"binary-expr","locations":[{"start":{"line":73,"column":7},"end":{"line":73,"column":12}},{"start":{"line":73,"column":16},"end":{"line":73,"column":63}}]},"10":{"loc":{"start":{"line":76,"column":10},"end":{"line":76,"column":41}},"type":"cond-expr","locations":[{"start":{"line":76,"column":21},"end":{"line":76,"column":36}},{"start":{"line":76,"column":39},"end":{"line":76,"column":41}}]},"11":{"loc":{"start":{"line":83,"column":7},"end":{"line":83,"column":56}},"type":"binary-expr","locations":[{"start":{"line":83,"column":7},"end":{"line":83,"column":15}},{"start":{"line":83,"column":19},"end":{"line":83,"column":56}}]},"12":{"loc":{"start":{"line":84,"column":7},"end":{"line":84,"column":61}},"type":"binary-expr","locations":[{"start":{"line":84,"column":7},"end":{"line":84,"column":12}},{"start":{"line":84,"column":16},"end":{"line":84,"column":61}}]}},"s":{"0":1,"1":1,"2":1,"3":1,"4":4,"5":4,"6":4,"7":4,"8":4,"9":4,"10":4,"11":4,"12":4,"13":4,"14":4,"15":4,"16":4,"17":4,"18":4,"19":4,"20":4,"21":4,"22":4,"23":0,"24":4,"25":0,"26":0,"27":0,"28":4,"29":0,"30":0,"31":4,"32":4,"33":0,"34":0,"35":0,"36":4,"37":4,"38":4,"39":4,"40":4,"41":1},"f":{"0":4,"1":0,"2":0,"3":0,"4":4,"5":0,"6":4},"b":{"0":[3,1],"1":[3,1],"2":[4,4],"3":[0],"4":[0,0],"5":[0],"6":[0,0],"7":[4,0],"8":[1,3],"9":[4,4],"10":[2,2],"11":[4,0],"12":[4,1]}}
,"C:\\Users\\Andrey\\Desktop\\innowise\\react\\react-base\\src\\components\\Switch\\Switch.tsx": {"path":"C:\\Users\\Andrey\\Desktop\\innowise\\react\\react-base\\src\\components\\Switch\\Switch.tsx","statementMap":{"0":{"start":{"line":2,"column":0},"end":{"line":2,"column":42}},"1":{"start":{"line":10,"column":38},"end":{"line":36,"column":1}},"2":{"start":{"line":11,"column":9},"end":{"line":11,"column":null}},"3":{"start":{"line":12,"column":10},"end":{"line":12,"column":null}},"4":{"start":{"line":13,"column":2},"end":{"line":13,"column":10}},"5":{"start":{"line":13,"column":10},"end":{"line":13,"column":null}},"6":{"start":{"line":15,"column":29},"end":{"line":19,"column":3}},"7":{"start":{"line":16,"column":4},"end":{"line":18,"column":5}},"8":{"start":{"line":17,"column":6},"end":{"line":17,"column":25}},"9":{"start":{"line":21,"column":2},"end":{"line":35,"column":4}},"10":{"start":{"line":38,"column":0},"end":{"line":38,"column":22}}},"fnMap":{"0":{"name":"(anonymous_1)","decl":{"start":{"line":10,"column":38},"end":{"line":10,"column":39}},"loc":{"start":{"line":14,"column":1},"end":{"line":36,"column":1}}},"1":{"name":"(anonymous_2)","decl":{"start":{"line":15,"column":29},"end":{"line":15,"column":null}},"loc":{"start":{"line":15,"column":29},"end":{"line":19,"column":3}}}},"branchMap":{"0":{"loc":{"start":{"line":13,"column":10},"end":{"line":13,"column":null}},"type":"cond-expr","locations":[{"start":{"line":13,"column":13},"end":{"line":13,"column":18}},{"start":{"line":13,"column":18},"end":{"line":13,"column":null}}]},"1":{"loc":{"start":{"line":16,"column":4},"end":{"line":18,"column":5}},"type":"if","locations":[{"start":{"line":16,"column":4},"end":{"line":18,"column":5}}]},"2":{"loc":{"start":{"line":23,"column":37},"end":{"line":23,"column":66}},"type":"cond-expr","locations":[{"start":{"line":23,"column":47},"end":{"line":23,"column":61}},{"start":{"line":23,"column":64},"end":{"line":23,"column":66}}]},"3":{"loc":{"start":{"line":23,"column":70},"end":{"line":23,"column":101}},"type":"cond-expr","locations":[{"start":{"line":23,"column":81},"end":{"line":23,"column":96}},{"start":{"line":23,"column":99},"end":{"line":23,"column":101}}]},"4":{"loc":{"start":{"line":32,"column":39},"end":{"line":32,"column":70}},"type":"cond-expr","locations":[{"start":{"line":32,"column":50},"end":{"line":32,"column":65}},{"start":{"line":32,"column":68},"end":{"line":32,"column":70}}]}},"s":{"0":1,"1":1,"2":4,"3":4,"4":4,"5":4,"6":4,"7":1,"8":1,"9":4,"10":1},"f":{"0":4,"1":1},"b":{"0":[3,1],"1":[1],"2":[1,3],"3":[1,3],"4":[1,3]}}
,"C:\\Users\\Andrey\\Desktop\\innowise\\react\\react-base\\src\\components\\TextField\\TextField.tsx": {"path":"C:\\Users\\Andrey\\Desktop\\innowise\\react\\react-base\\src\\components\\TextField\\TextField.tsx","statementMap":{"0":{"start":{"line":1,"column":0},"end":{"line":1,"column":40}},"1":{"start":{"line":2,"column":0},"end":{"line":2,"column":45}},"2":{"start":{"line":11,"column":44},"end":{"line":56,"column":1}},"3":{"start":{"line":12,"column":2},"end":{"line":12,"column":9}},"4":{"start":{"line":12,"column":9},"end":{"line":12,"column":null}},"5":{"start":{"line":13,"column":7},"end":{"line":13,"column":null}},"6":{"start":{"line":14,"column":7},"end":{"line":14,"column":null}},"7":{"start":{"line":15,"column":10},"end":{"line":15,"column":null}},"8":{"start":{"line":17,"column":38},"end":{"line":17,"column":58}},"9":{"start":{"line":17,"column":19},"end":{"line":17,"column":21}},"10":{"start":{"line":17,"column":34},"end":{"line":17,"column":38}},"11":{"start":{"line":18,"column":36},"end":{"line":18,"column":60}},"12":{"start":{"line":18,"column":18},"end":{"line":18,"column":20}},"13":{"start":{"line":18,"column":32},"end":{"line":18,"column":36}},"14":{"start":{"line":19,"column":18},"end":{"line":19,"column":25}},"15":{"start":{"line":21,"column":28},"end":{"line":23,"column":3}},"16":{"start":{"line":22,"column":4},"end":{"line":22,"column":38}},"17":{"start":{"line":24,"column":22},"end":{"line":26,"column":3}},"18":{"start":{"line":25,"column":4},"end":{"line":25,"column":23}},"19":{"start":{"line":27,"column":21},"end":{"line":29,"column":3}},"20":{"start":{"line":28,"column":4},"end":{"line":28,"column":24}},"21":{"start":{"line":30,"column":2},"end":{"line":55,"column":4}},"22":{"start":{"line":58,"column":0},"end":{"line":58,"column":25}}},"fnMap":{"0":{"name":"(anonymous_1)","decl":{"start":{"line":11,"column":44},"end":{"line":11,"column":45}},"loc":{"start":{"line":16,"column":1},"end":{"line":56,"column":1}}},"1":{"name":"(anonymous_2)","decl":{"start":{"line":21,"column":28},"end":{"line":21,"column":29}},"loc":{"start":{"line":21,"column":71},"end":{"line":23,"column":3}}},"2":{"name":"(anonymous_3)","decl":{"start":{"line":24,"column":22},"end":{"line":24,"column":null}},"loc":{"start":{"line":24,"column":22},"end":{"line":26,"column":3}}},"3":{"name":"(anonymous_4)","decl":{"start":{"line":27,"column":21},"end":{"line":27,"column":null}},"loc":{"start":{"line":27,"column":21},"end":{"line":29,"column":3}}}},"branchMap":{"0":{"loc":{"start":{"line":12,"column":9},"end":{"line":12,"column":null}},"type":"cond-expr","locations":[{"start":{"line":12,"column":12},"end":{"line":12,"column":22}},{"start":{"line":12,"column":22},"end":{"line":12,"column":null}}]},"1":{"loc":{"start":{"line":32,"column":40},"end":{"line":32,"column":67}},"type":"cond-expr","locations":[{"start":{"line":32,"column":50},"end":{"line":32,"column":62}},{"start":{"line":32,"column":65},"end":{"line":32,"column":67}}]},"2":{"loc":{"start":{"line":32,"column":71},"end":{"line":32,"column":102}},"type":"cond-expr","locations":[{"start":{"line":32,"column":82},"end":{"line":32,"column":97}},{"start":{"line":32,"column":100},"end":{"line":32,"column":102}}]},"3":{"loc":{"start":{"line":36,"column":38},"end":{"line":36,"column":65}},"type":"cond-expr","locations":[{"start":{"line":36,"column":48},"end":{"line":36,"column":60}},{"start":{"line":36,"column":63},"end":{"line":36,"column":65}}]},"4":{"loc":{"start":{"line":36,"column":69},"end":{"line":36,"column":100}},"type":"cond-expr","locations":[{"start":{"line":36,"column":80},"end":{"line":36,"column":95}},{"start":{"line":36,"column":98},"end":{"line":36,"column":100}}]},"5":{"loc":{"start":{"line":45,"column":7},"end":{"line":51,"column":null}},"type":"binary-expr","locations":[{"start":{"line":45,"column":7},"end":{"line":45,"column":12}},{"start":{"line":46,"column":8},"end":{"line":50,"column":null}}]},"6":{"loc":{"start":{"line":47,"column":17},"end":{"line":47,"column":65}},"type":"cond-expr","locations":[{"start":{"line":47,"column":44},"end":{"line":47,"column":60}},{"start":{"line":47,"column":63},"end":{"line":47,"column":65}}]},"7":{"loc":{"start":{"line":47,"column":17},"end":{"line":47,"column":41}},"type":"binary-expr","locations":[{"start":{"line":47,"column":17},"end":{"line":47,"column":27}},{"start":{"line":47,"column":31},"end":{"line":47,"column":41}}]},"8":{"loc":{"start":{"line":48,"column":40},"end":{"line":48,"column":67}},"type":"cond-expr","locations":[{"start":{"line":48,"column":50},"end":{"line":48,"column":62}},{"start":{"line":48,"column":65},"end":{"line":48,"column":67}}]},"9":{"loc":{"start":{"line":53,"column":7},"end":{"line":53,"column":63}},"type":"binary-expr","locations":[{"start":{"line":53,"column":7},"end":{"line":53,"column":14}},{"start":{"line":53,"column":18},"end":{"line":53,"column":63}}]}},"s":{"0":1,"1":1,"2":1,"3":5,"4":5,"5":5,"6":5,"7":5,"8":5,"9":5,"10":5,"11":5,"12":5,"13":5,"14":5,"15":5,"16":0,"17":5,"18":0,"19":5,"20":0,"21":5,"22":1},"f":{"0":5,"1":0,"2":0,"3":0},"b":{"0":[4,1],"1":[1,4],"2":[1,4],"3":[1,4],"4":[1,4],"5":[5,1],"6":[0,1],"7":[1,0],"8":[0,1],"9":[5,1]}}
}
