TN:
SF:src\components\Button\Button.tsx
FN:12,(anonymous_1)
FN:19,(anonymous_2)
FNF:2
FNH:2
FNDA:4,(anonymous_1)
FNDA:1,(anonymous_2)
DA:2,1
DA:12,1
DA:13,4
DA:14,4
DA:15,4
DA:16,4
DA:17,4
DA:19,4
DA:20,1
DA:21,1
DA:25,4
DA:36,1
LF:12
LH:12
BRDA:13,0,0,3
BRDA:13,0,1,1
BRDA:14,1,0,2
BRDA:14,1,1,2
BRDA:16,2,0,3
BRDA:16,2,1,1
BRDA:20,3,0,1
BRDA:20,4,0,1
BRDA:20,4,1,1
BRDA:29,5,0,2
BRDA:29,5,1,2
BRF:11
BRH:11
end_of_record
TN:
SF:src\components\Checkbox\Checkbox.tsx
FN:11,(anonymous_1)
FN:17,(anonymous_2)
FNF:2
FNH:2
FNDA:3,(anonymous_1)
FNDA:2,(anonymous_2)
DA:2,1
DA:11,1
DA:12,3
DA:13,3
DA:14,3
DA:15,3
DA:17,3
DA:18,2
DA:19,1
DA:23,3
DA:36,1
LF:11
LH:11
BRDA:14,0,0,2
BRDA:14,0,1,1
BRDA:18,1,0,1
BRDA:24,2,0,1
BRDA:24,2,1,2
BRDA:31,3,0,3
BRDA:31,3,1,3
BRF:7
BRH:7
end_of_record
TN:
SF:src\components\Switch\Switch.tsx
FN:10,(anonymous_1)
FN:15,(anonymous_2)
FNF:2
FNH:2
FNDA:4,(anonymous_1)
FNDA:1,(anonymous_2)
DA:2,1
DA:10,1
DA:11,4
DA:12,4
DA:13,4
DA:15,4
DA:16,1
DA:17,1
DA:21,4
DA:36,1
LF:10
LH:10
BRDA:13,0,0,3
BRDA:13,0,1,1
BRDA:16,1,0,1
BRDA:23,2,0,1
BRDA:23,2,1,3
BRDA:23,3,0,1
BRDA:23,3,1,3
BRF:7
BRH:7
end_of_record
