TN:
SF:src\components\Button\Button.tsx
FN:12,(anonymous_1)
FN:19,(anonymous_2)
FNF:2
FNH:2
FNDA:4,(anonymous_1)
FNDA:1,(anonymous_2)
DA:2,1
DA:12,1
DA:13,4
DA:14,4
DA:15,4
DA:16,4
DA:17,4
DA:19,4
DA:20,1
DA:21,1
DA:25,4
DA:36,1
LF:12
LH:12
BRDA:13,0,0,3
BRDA:13,0,1,1
BRDA:14,1,0,2
BRDA:14,1,1,2
BRDA:16,2,0,3
BRDA:16,2,1,1
BRDA:20,3,0,1
BRDA:20,4,0,1
BRDA:20,4,1,1
BRDA:29,5,0,2
BRDA:29,5,1,2
BRF:11
BRH:11
end_of_record
TN:
SF:src\components\Checkbox\Checkbox.tsx
FN:11,(anonymous_1)
FN:17,(anonymous_2)
FNF:2
FNH:2
FNDA:3,(anonymous_1)
FNDA:2,(anonymous_2)
DA:2,1
DA:11,1
DA:12,3
DA:13,3
DA:14,3
DA:15,3
DA:17,3
DA:18,2
DA:19,1
DA:23,3
DA:36,1
LF:11
LH:11
BRDA:14,0,0,2
BRDA:14,0,1,1
BRDA:18,1,0,1
BRDA:24,2,0,1
BRDA:24,2,1,2
BRDA:31,3,0,3
BRDA:31,3,1,3
BRF:7
BRH:7
end_of_record
TN:
SF:src\components\Modal\Modal.tsx
FN:11,(anonymous_1)
FN:12,(anonymous_2)
FN:14,(anonymous_3)
FNF:3
FNH:3
FNDA:5,(anonymous_1)
FNDA:2,(anonymous_2)
FNDA:1,(anonymous_3)
DA:2,1
DA:3,1
DA:11,5
DA:12,5
DA:13,2
DA:14,1
DA:18,5
DA:32,1
LF:8
LH:8
BRDA:13,0,0,1
BRDA:20,1,0,5
BRDA:20,1,1,4
BRF:3
BRH:3
end_of_record
TN:
SF:src\components\Select\Select.tsx
FN:17,(anonymous_1)
FN:20,(anonymous_2)
FN:23,(anonymous_3)
FN:32,(anonymous_4)
FN:34,(anonymous_5)
FN:39,(anonymous_6)
FN:56,(anonymous_7)
FN:59,(anonymous_8)
FNF:8
FNH:8
FNDA:11,(anonymous_1)
FNDA:4,(anonymous_2)
FNDA:6,(anonymous_3)
FNDA:5,(anonymous_4)
FNDA:5,(anonymous_5)
FNDA:2,(anonymous_6)
FNDA:12,(anonymous_7)
FNDA:2,(anonymous_8)
DA:1,1
DA:2,1
DA:3,1
DA:4,1
DA:5,1
DA:6,1
DA:17,11
DA:18,11
DA:19,11
DA:20,11
DA:21,11
DA:23,11
DA:24,6
DA:28,2
DA:32,11
DA:33,5
DA:34,5
DA:35,5
DA:39,11
DA:40,2
DA:41,2
DA:44,11
DA:56,12
DA:59,2
DA:72,1
LF:25
LH:25
BRDA:24,0,0,2
BRDA:25,1,0,6
BRDA:25,1,1,6
BRDA:47,2,0,4
BRDA:47,2,1,7
BRDA:49,3,0,2
BRDA:49,3,1,9
BRDA:53,4,0,11
BRDA:53,4,1,4
BRF:9
BRH:9
end_of_record
TN:
SF:src\components\Switch\Switch.tsx
FN:10,(anonymous_1)
FN:15,(anonymous_2)
FNF:2
FNH:2
FNDA:4,(anonymous_1)
FNDA:1,(anonymous_2)
DA:2,1
DA:10,1
DA:11,4
DA:12,4
DA:13,4
DA:15,4
DA:16,1
DA:17,1
DA:21,4
DA:38,1
LF:10
LH:10
BRDA:13,0,0,3
BRDA:13,0,1,1
BRDA:16,1,0,1
BRDA:23,2,0,1
BRDA:23,2,1,3
BRDA:23,3,0,1
BRDA:23,3,1,3
BRDA:32,4,0,1
BRDA:32,4,1,3
BRF:9
BRH:9
end_of_record
TN:
SF:src\components\TextField\TextField.tsx
FN:16,(anonymous_1)
FN:30,(anonymous_2)
FN:34,(anonymous_3)
FN:38,(anonymous_4)
FN:42,(anonymous_5)
FNF:5
FNH:2
FNDA:22,(anonymous_1)
FNDA:12,(anonymous_2)
FNDA:0,(anonymous_3)
FNDA:0,(anonymous_4)
FNDA:0,(anonymous_5)
DA:1,2
DA:3,2
DA:16,2
DA:17,22
DA:18,22
DA:19,22
DA:20,22
DA:21,22
DA:22,22
DA:23,22
DA:24,22
DA:26,22
DA:27,22
DA:28,22
DA:30,22
DA:31,12
DA:34,22
DA:35,0
DA:38,22
DA:39,0
DA:42,22
DA:43,0
DA:46,22
DA:80,2
LF:24
LH:21
BRDA:17,0,0,21
BRDA:17,0,1,1
BRDA:26,1,0,17
BRDA:26,1,1,5
BRDA:26,2,0,22
BRDA:26,2,1,22
BRDA:31,3,0,7
BRDA:31,3,1,5
BRDA:31,4,0,12
BRDA:31,4,1,12
BRDA:48,5,0,1
BRDA:48,5,1,21
BRDA:48,6,0,1
BRDA:48,6,1,21
BRDA:52,7,0,1
BRDA:52,7,1,21
BRDA:52,8,0,1
BRDA:52,8,1,21
BRDA:64,9,0,22
BRDA:64,9,1,18
BRDA:66,10,0,2
BRDA:66,10,1,16
BRDA:66,11,0,18
BRDA:66,11,1,2
BRDA:67,12,0,0
BRDA:67,12,1,18
BRDA:72,13,0,22
BRDA:72,13,1,17
BRDA:73,14,0,0
BRDA:73,14,1,17
BRDA:75,15,0,22
BRDA:75,15,1,1
BRF:32
BRH:30
end_of_record
